15:42:19.560 INFO - Selenium build info: version: '3.3.1', revision: '5234b32'
15:42:19.561 INFO - Launching a standalone Selenium Server
2017-07-21 15:42:19.584:INFO::main: Logging initialized @274ms to org.seleniumhq.jetty9.util.log.StdErrLog
15:42:19.645 INFO - Driver provider org.openqa.selenium.ie.InternetExplorerDriver registration is skipped:
 registration capabilities Capabilities [{ensureCleanSession=true, browserName=internet explorer, version=, platform=WINDOWS}] does not match the current platform MAC
15:42:19.645 INFO - Driver provider org.openqa.selenium.edge.EdgeDriver registration is skipped:
 registration capabilities Capabilities [{browserName=MicrosoftEdge, version=, platform=WINDOWS}] does not match the current platform MAC
15:42:19.646 INFO - Driver class not found: com.opera.core.systems.OperaDriver
15:42:19.646 INFO - Driver provider com.opera.core.systems.OperaDriver registration is skipped:
Unable to create new instances on this machine.
15:42:19.646 INFO - Driver class not found: com.opera.core.systems.OperaDriver
15:42:19.646 INFO - Driver provider com.opera.core.systems.OperaDriver is not registered
2017-07-21 15:42:19.695:INFO:osjs.Server:main: jetty-9.2.20.v20161216
2017-07-21 15:42:19.740:INFO:osjsh.ContextHandler:main: Started o.s.j.s.ServletContextHandler@685cb137{/,null,AVAILABLE}
2017-07-21 15:42:19.771:INFO:osjs.AbstractConnector:main: Started ServerConnector@5bcab519{HTTP/1.1,[http/1.1]}{0.0.0.0:4444}
2017-07-21 15:42:19.773:INFO:osjs.Server:main: Started @462ms
15:42:19.773 INFO - Selenium Server is up and running
15:42:20.049 INFO - SessionCleaner initialized with insideBrowserTimeout 0 and clientGoneTimeout 1800000 polling every 180000
15:42:20.073 INFO - Executing: [new session: Capabilities [{acceptSslCerts=true, name=Document Test Spec, browserName=chrome, javascriptEnabled=true, platform=ANY}]])
15:42:20.089 INFO - Creating a new session for Capabilities [{acceptSslCerts=true, name=Document Test Spec, browserName=chrome, javascriptEnabled=true, platform=ANY}]
Starting ChromeDriver 2.30.477690 (c53f4ad87510ee97b5c3425a14c0e79780cdf262) on port 33572
Only local connections are allowed.
15:42:21.322 INFO - Detected dialect: OSS
15:42:21.359 INFO - Done: [new session: Capabilities [{acceptSslCerts=true, name=Document Test Spec, browserName=chrome, javascriptEnabled=true, platform=ANY}]]
15:42:21.389 INFO - Executing: [set window size])
15:42:21.567 INFO - Done: [set window size]
15:42:21.573 INFO - Executing: [get: http://localhost:9000/login])
15:42:36.640 INFO - Done: [get: http://localhost:9000/login]
15:42:36.653 INFO - Executing: [find elements: By.cssSelector: body])
15:42:36.694 INFO - Done: [find elements: By.cssSelector: body]
15:42:36.717 INFO - Executing: [is displayed: 0 [[ChromeDriver: chrome on MAC (f0af9ed469998065fddfa78ded65bfb2)] -> css selector: body]])
15:42:36.736 INFO - Done: [is displayed: 0 [[ChromeDriver: chrome on MAC (f0af9ed469998065fddfa78ded65bfb2)] -> css selector: body]]
15:42:36.743 INFO - Executing: [find element: By.cssSelector: input[name=email]])
15:42:36.766 INFO - Done: [find element: By.cssSelector: input[name=email]]
15:42:36.779 INFO - Executing: [send keys: 1 [[ChromeDriver: chrome on MAC (f0af9ed469998065fddfa78ded65bfb2)] -> css selector: input[name=email]], [g, h, o, s, t, @, g, h, o, s, t, ., c, o, m]])
15:42:36.993 INFO - Done: [send keys: 1 [[ChromeDriver: chrome on MAC (f0af9ed469998065fddfa78ded65bfb2)] -> css selector: input[name=email]], [g, h, o, s, t, @, g, h, o, s, t, ., c, o, m]]
15:42:37.000 INFO - Executing: [find element: By.cssSelector: input[name=password]])
15:42:37.022 INFO - Done: [find element: By.cssSelector: input[name=password]]
15:42:37.029 INFO - Executing: [send keys: 2 [[ChromeDriver: chrome on MAC (f0af9ed469998065fddfa78ded65bfb2)] -> css selector: input[name=password]], [g, h, o, s, t, m, o, d, e]])
15:42:37.140 INFO - Done: [send keys: 2 [[ChromeDriver: chrome on MAC (f0af9ed469998065fddfa78ded65bfb2)] -> css selector: input[name=password]], [g, h, o, s, t, m, o, d, e]]
15:42:37.147 INFO - Executing: [find element: By.cssSelector: .login-btn])
15:42:37.167 INFO - Done: [find element: By.cssSelector: .login-btn]
15:42:37.172 INFO - Executing: [click: 3 [[ChromeDriver: chrome on MAC (f0af9ed469998065fddfa78ded65bfb2)] -> css selector: .login-btn]])
15:42:37.244 INFO - Done: [click: 3 [[ChromeDriver: chrome on MAC (f0af9ed469998065fddfa78ded65bfb2)] -> css selector: .login-btn]]
15:42:37.251 INFO - Executing: [find elements: By.cssSelector: h4])
15:42:37.306 INFO - Done: [find elements: By.cssSelector: h4]
15:42:37.816 INFO - Executing: [find elements: By.cssSelector: h4])
15:42:37.827 INFO - Done: [find elements: By.cssSelector: h4]
15:42:37.832 INFO - Executing: [is displayed: 4 [[ChromeDriver: chrome on MAC (f0af9ed469998065fddfa78ded65bfb2)] -> css selector: h4]])
15:42:37.859 INFO - Done: [is displayed: 4 [[ChromeDriver: chrome on MAC (f0af9ed469998065fddfa78ded65bfb2)] -> css selector: h4]]
15:42:37.867 INFO - Executing: [find element: By.cssSelector: h4])
15:42:37.898 INFO - Done: [find element: By.cssSelector: h4]
15:42:37.901 INFO - Executing: [get text: 4 [[ChromeDriver: chrome on MAC (f0af9ed469998065fddfa78ded65bfb2)] -> css selector: h4]])
15:42:37.943 INFO - Done: [get text: 4 [[ChromeDriver: chrome on MAC (f0af9ed469998065fddfa78ded65bfb2)] -> css selector: h4]]
15:42:37.948 INFO - Executing: [get current url])
15:42:37.955 INFO - Done: [get current url]
15:42:37.959 INFO - Executing: [find elements: By.cssSelector: li[id="publicDocument"]])
15:42:37.984 INFO - Done: [find elements: By.cssSelector: li[id="publicDocument"]]
15:42:37.988 INFO - Executing: [is displayed: 14 [[ChromeDriver: chrome on MAC (f0af9ed469998065fddfa78ded65bfb2)] -> css selector: li[id="publicDocument"]]])
15:42:38.009 INFO - Done: [is displayed: 14 [[ChromeDriver: chrome on MAC (f0af9ed469998065fddfa78ded65bfb2)] -> css selector: li[id="publicDocument"]]]
15:42:38.015 INFO - Executing: [find elements: By.cssSelector: li[id="dashboard"]])
15:42:38.041 INFO - Done: [find elements: By.cssSelector: li[id="dashboard"]]
15:42:38.046 INFO - Executing: [is displayed: 15 [[ChromeDriver: chrome on MAC (f0af9ed469998065fddfa78ded65bfb2)] -> css selector: li[id="dashboard"]]])
15:42:38.067 INFO - Done: [is displayed: 15 [[ChromeDriver: chrome on MAC (f0af9ed469998065fddfa78ded65bfb2)] -> css selector: li[id="dashboard"]]]
15:42:38.073 INFO - Executing: [find elements: By.cssSelector: li[id="roleDocument"]])
15:42:38.096 INFO - Done: [find elements: By.cssSelector: li[id="roleDocument"]]
15:42:38.101 INFO - Executing: [is displayed: 16 [[ChromeDriver: chrome on MAC (f0af9ed469998065fddfa78ded65bfb2)] -> css selector: li[id="roleDocument"]]])
15:42:38.121 INFO - Done: [is displayed: 16 [[ChromeDriver: chrome on MAC (f0af9ed469998065fddfa78ded65bfb2)] -> css selector: li[id="roleDocument"]]]
15:42:38.127 INFO - Executing: [find element: By.cssSelector: li[id="publicDocument"]])
15:42:38.151 INFO - Done: [find element: By.cssSelector: li[id="publicDocument"]]
15:42:38.155 INFO - Executing: [is displayed: 14 [[ChromeDriver: chrome on MAC (f0af9ed469998065fddfa78ded65bfb2)] -> css selector: li[id="publicDocument"]]])
15:42:38.165 INFO - Done: [is displayed: 14 [[ChromeDriver: chrome on MAC (f0af9ed469998065fddfa78ded65bfb2)] -> css selector: li[id="publicDocument"]]]
15:42:38.170 INFO - Executing: [find element: By.cssSelector: li[id="dashboard"]])
15:42:38.194 INFO - Done: [find element: By.cssSelector: li[id="dashboard"]]
15:42:38.200 INFO - Executing: [is displayed: 15 [[ChromeDriver: chrome on MAC (f0af9ed469998065fddfa78ded65bfb2)] -> css selector: li[id="dashboard"]]])
15:42:38.208 INFO - Done: [is displayed: 15 [[ChromeDriver: chrome on MAC (f0af9ed469998065fddfa78ded65bfb2)] -> css selector: li[id="dashboard"]]]
15:42:40.223 INFO - Executing: [find elements: By.cssSelector: i.create-btn])
15:42:40.246 INFO - Done: [find elements: By.cssSelector: i.create-btn]
15:42:40.253 INFO - Executing: [is displayed: 17 [[ChromeDriver: chrome on MAC (f0af9ed469998065fddfa78ded65bfb2)] -> css selector: i.create-btn]])
15:42:40.273 INFO - Done: [is displayed: 17 [[ChromeDriver: chrome on MAC (f0af9ed469998065fddfa78ded65bfb2)] -> css selector: i.create-btn]]
15:42:40.279 INFO - Executing: [find element: By.cssSelector: i.create-btn])
15:42:40.299 INFO - Done: [find element: By.cssSelector: i.create-btn]
15:42:40.302 INFO - Executing: [is displayed: 17 [[ChromeDriver: chrome on MAC (f0af9ed469998065fddfa78ded65bfb2)] -> css selector: i.create-btn]])
15:42:40.310 INFO - Done: [is displayed: 17 [[ChromeDriver: chrome on MAC (f0af9ed469998065fddfa78ded65bfb2)] -> css selector: i.create-btn]]
15:42:40.314 INFO - Executing: [find element: By.cssSelector: .create-btn])
15:42:40.340 INFO - Done: [find element: By.cssSelector: .create-btn]
15:42:40.343 INFO - Executing: [click: 17 [[ChromeDriver: chrome on MAC (f0af9ed469998065fddfa78ded65bfb2)] -> css selector: i.create-btn]])
15:42:40.412 INFO - Done: [click: 17 [[ChromeDriver: chrome on MAC (f0af9ed469998065fddfa78ded65bfb2)] -> css selector: i.create-btn]]
15:42:40.418 INFO - Executing: [get current url])
15:42:40.428 INFO - Done: [get current url]
15:42:40.435 INFO - Executing: [find elements: By.cssSelector: input[id="title"]])
15:42:40.471 INFO - Done: [find elements: By.cssSelector: input[id="title"]]
15:42:40.474 INFO - Executing: [is displayed: 18 [[ChromeDriver: chrome on MAC (f0af9ed469998065fddfa78ded65bfb2)] -> css selector: input[id="title"]]])
15:42:40.493 INFO - Done: [is displayed: 18 [[ChromeDriver: chrome on MAC (f0af9ed469998065fddfa78ded65bfb2)] -> css selector: input[id="title"]]]
15:42:40.497 INFO - Executing: [find elements: By.cssSelector: select[id="access"]])
15:42:40.519 INFO - Done: [find elements: By.cssSelector: select[id="access"]]
15:42:40.522 INFO - Executing: [is displayed: 19 [[ChromeDriver: chrome on MAC (f0af9ed469998065fddfa78ded65bfb2)] -> css selector: select[id="access"]]])
15:42:40.541 INFO - Done: [is displayed: 19 [[ChromeDriver: chrome on MAC (f0af9ed469998065fddfa78ded65bfb2)] -> css selector: select[id="access"]]]
15:42:40.545 INFO - Executing: [find elements: By.cssSelector: .cke_wysiwyg_frame])
15:42:40.567 INFO - Done: [find elements: By.cssSelector: .cke_wysiwyg_frame]
15:42:41.075 INFO - Executing: [find elements: By.cssSelector: .cke_wysiwyg_frame])
15:42:41.086 INFO - Done: [find elements: By.cssSelector: .cke_wysiwyg_frame]
15:42:41.092 INFO - Executing: [is displayed: 20 [[ChromeDriver: chrome on MAC (f0af9ed469998065fddfa78ded65bfb2)] -> css selector: .cke_wysiwyg_frame]])
15:42:41.126 INFO - Done: [is displayed: 20 [[ChromeDriver: chrome on MAC (f0af9ed469998065fddfa78ded65bfb2)] -> css selector: .cke_wysiwyg_frame]]
15:42:41.131 INFO - Executing: [find elements: By.cssSelector: button[id="submit"]])
15:42:41.154 INFO - Done: [find elements: By.cssSelector: button[id="submit"]]
15:42:41.157 INFO - Executing: [is displayed: 21 [[ChromeDriver: chrome on MAC (f0af9ed469998065fddfa78ded65bfb2)] -> css selector: button[id="submit"]]])
15:42:41.179 INFO - Done: [is displayed: 21 [[ChromeDriver: chrome on MAC (f0af9ed469998065fddfa78ded65bfb2)] -> css selector: button[id="submit"]]]
15:42:41.185 INFO - Executing: [find element: By.cssSelector: input[id="title"]])
15:42:41.210 INFO - Done: [find element: By.cssSelector: input[id="title"]]
15:42:41.218 INFO - Executing: [is displayed: 18 [[ChromeDriver: chrome on MAC (f0af9ed469998065fddfa78ded65bfb2)] -> css selector: input[id="title"]]])
15:42:41.226 INFO - Done: [is displayed: 18 [[ChromeDriver: chrome on MAC (f0af9ed469998065fddfa78ded65bfb2)] -> css selector: input[id="title"]]]
15:42:41.231 INFO - Executing: [find element: By.cssSelector: select[id="access"]])
15:42:41.252 INFO - Done: [find element: By.cssSelector: select[id="access"]]
15:42:41.255 INFO - Executing: [is displayed: 19 [[ChromeDriver: chrome on MAC (f0af9ed469998065fddfa78ded65bfb2)] -> css selector: select[id="access"]]])
15:42:41.264 INFO - Done: [is displayed: 19 [[ChromeDriver: chrome on MAC (f0af9ed469998065fddfa78ded65bfb2)] -> css selector: select[id="access"]]]
15:42:41.269 INFO - Executing: [find element: By.cssSelector: .cke_wysiwyg_frame])
15:42:41.290 INFO - Done: [find element: By.cssSelector: .cke_wysiwyg_frame]
15:42:41.294 INFO - Executing: [is displayed: 20 [[ChromeDriver: chrome on MAC (f0af9ed469998065fddfa78ded65bfb2)] -> css selector: .cke_wysiwyg_frame]])
15:42:41.303 INFO - Done: [is displayed: 20 [[ChromeDriver: chrome on MAC (f0af9ed469998065fddfa78ded65bfb2)] -> css selector: .cke_wysiwyg_frame]]
15:42:41.309 INFO - Executing: [find element: By.cssSelector: button[id="submit"]])
15:42:41.334 INFO - Done: [find element: By.cssSelector: button[id="submit"]]
15:42:41.337 INFO - Executing: [is displayed: 21 [[ChromeDriver: chrome on MAC (f0af9ed469998065fddfa78ded65bfb2)] -> css selector: button[id="submit"]]])
15:42:41.346 INFO - Done: [is displayed: 21 [[ChromeDriver: chrome on MAC (f0af9ed469998065fddfa78ded65bfb2)] -> css selector: button[id="submit"]]]
15:42:41.353 INFO - Executing: [switch to frame: 0])
15:42:41.368 INFO - Done: [switch to frame: 0]
15:42:41.373 INFO - Executing: [find element: By.cssSelector: .cke_editable])
15:42:41.394 INFO - Done: [find element: By.cssSelector: .cke_editable]
15:42:41.398 INFO - Executing: [send keys: 22 [[ChromeDriver: chrome on MAC (f0af9ed469998065fddfa78ded65bfb2)] -> css selector: .cke_editable], [c, r, e, a, t, i, n, g,  , a,  , r, a, n, d, o, m,  , d, o, c, u, m, e, n, t,  ,  , f, r, o, m,  , e, n, d,  , t, o,  , e, n, d,  , t, e, s, t, i, n, g]])
15:42:41.620 INFO - Done: [send keys: 22 [[ChromeDriver: chrome on MAC (f0af9ed469998065fddfa78ded65bfb2)] -> css selector: .cke_editable], [c, r, e, a, t, i, n, g,  , a,  , r, a, n, d, o, m,  , d, o, c, u, m, e, n, t,  ,  , f, r, o, m,  , e, n, d,  , t, o,  , e, n, d,  , t, e, s, t, i, n, g]]
15:42:41.624 INFO - Executing: [switch to frame: default])
15:42:41.630 INFO - Done: [switch to frame: default]
15:42:41.635 INFO - Executing: [find element: By.cssSelector: input[id="title"]])
15:42:41.644 INFO - Done: [find element: By.cssSelector: input[id="title"]]
15:42:41.649 INFO - Executing: [send keys: 18 [[ChromeDriver: chrome on MAC (f0af9ed469998065fddfa78ded65bfb2)] -> css selector: input[id="title"]], [E, 2, E,  , T, e, s, t, i, n, g]])
15:42:41.788 INFO - Done: [send keys: 18 [[ChromeDriver: chrome on MAC (f0af9ed469998065fddfa78ded65bfb2)] -> css selector: input[id="title"]], [E, 2, E,  , T, e, s, t, i, n, g]]
15:42:41.791 INFO - Executing: [find element: By.cssSelector: select[id="access"]])
15:42:41.802 INFO - Done: [find element: By.cssSelector: select[id="access"]]
15:42:41.805 INFO - Executing: [send keys: 19 [[ChromeDriver: chrome on MAC (f0af9ed469998065fddfa78ded65bfb2)] -> css selector: select[id="access"]], [p, u, b, l, i, c]])
15:42:41.873 INFO - Done: [send keys: 19 [[ChromeDriver: chrome on MAC (f0af9ed469998065fddfa78ded65bfb2)] -> css selector: select[id="access"]], [p, u, b, l, i, c]]
15:42:41.877 INFO - Executing: [find element: By.cssSelector: .save-btn])
15:42:41.902 INFO - Done: [find element: By.cssSelector: .save-btn]
15:42:41.906 INFO - Executing: [click: 21 [[ChromeDriver: chrome on MAC (f0af9ed469998065fddfa78ded65bfb2)] -> css selector: button[id="submit"]]])
15:42:41.995 INFO - Done: [click: 21 [[ChromeDriver: chrome on MAC (f0af9ed469998065fddfa78ded65bfb2)] -> css selector: button[id="submit"]]]
15:42:45.005 INFO - Executing: [get current url])
15:42:45.010 INFO - Done: [get current url]
15:42:48.027 INFO - Executing: [find elements: By.cssSelector: li[id="publicDocument"]])
15:42:48.036 INFO - Done: [find elements: By.cssSelector: li[id="publicDocument"]]
15:42:48.041 INFO - Executing: [is displayed: 14 [[ChromeDriver: chrome on MAC (f0af9ed469998065fddfa78ded65bfb2)] -> css selector: li[id="publicDocument"]]])
15:42:48.050 INFO - Done: [is displayed: 14 [[ChromeDriver: chrome on MAC (f0af9ed469998065fddfa78ded65bfb2)] -> css selector: li[id="publicDocument"]]]
15:42:48.055 INFO - Executing: [find elements: By.cssSelector: li[id="dashboard"]])
15:42:48.068 INFO - Done: [find elements: By.cssSelector: li[id="dashboard"]]
15:42:48.075 INFO - Executing: [is displayed: 15 [[ChromeDriver: chrome on MAC (f0af9ed469998065fddfa78ded65bfb2)] -> css selector: li[id="dashboard"]]])
15:42:48.083 INFO - Done: [is displayed: 15 [[ChromeDriver: chrome on MAC (f0af9ed469998065fddfa78ded65bfb2)] -> css selector: li[id="dashboard"]]]
15:42:48.088 INFO - Executing: [find elements: By.cssSelector: li[id="roleDocument"]])
15:42:48.097 INFO - Done: [find elements: By.cssSelector: li[id="roleDocument"]]
15:42:48.100 INFO - Executing: [is displayed: 16 [[ChromeDriver: chrome on MAC (f0af9ed469998065fddfa78ded65bfb2)] -> css selector: li[id="roleDocument"]]])
15:42:48.108 INFO - Done: [is displayed: 16 [[ChromeDriver: chrome on MAC (f0af9ed469998065fddfa78ded65bfb2)] -> css selector: li[id="roleDocument"]]]
15:42:48.112 INFO - Executing: [find element: By.cssSelector: li[id="publicDocument"]])
15:42:48.121 INFO - Done: [find element: By.cssSelector: li[id="publicDocument"]]
15:42:48.124 INFO - Executing: [is displayed: 14 [[ChromeDriver: chrome on MAC (f0af9ed469998065fddfa78ded65bfb2)] -> css selector: li[id="publicDocument"]]])
15:42:48.135 INFO - Done: [is displayed: 14 [[ChromeDriver: chrome on MAC (f0af9ed469998065fddfa78ded65bfb2)] -> css selector: li[id="publicDocument"]]]
15:42:48.142 INFO - Executing: [find element: By.cssSelector: li[id="dashboard"]])
15:42:48.150 INFO - Done: [find element: By.cssSelector: li[id="dashboard"]]
15:42:48.155 INFO - Executing: [is displayed: 15 [[ChromeDriver: chrome on MAC (f0af9ed469998065fddfa78ded65bfb2)] -> css selector: li[id="dashboard"]]])
15:42:48.165 INFO - Done: [is displayed: 15 [[ChromeDriver: chrome on MAC (f0af9ed469998065fddfa78ded65bfb2)] -> css selector: li[id="dashboard"]]]
15:42:48.170 INFO - Executing: [find element: By.cssSelector: li[id="publicDocument"]])
15:42:48.179 INFO - Done: [find element: By.cssSelector: li[id="publicDocument"]]
15:42:48.182 INFO - Executing: [is displayed: 14 [[ChromeDriver: chrome on MAC (f0af9ed469998065fddfa78ded65bfb2)] -> css selector: li[id="publicDocument"]]])
15:42:48.191 INFO - Done: [is displayed: 14 [[ChromeDriver: chrome on MAC (f0af9ed469998065fddfa78ded65bfb2)] -> css selector: li[id="publicDocument"]]]
15:42:48.194 INFO - Executing: [find element: By.cssSelector: li[id="publicDocument"]])
15:42:48.203 INFO - Done: [find element: By.cssSelector: li[id="publicDocument"]]
15:42:48.208 INFO - Executing: [click: 14 [[ChromeDriver: chrome on MAC (f0af9ed469998065fddfa78ded65bfb2)] -> css selector: li[id="publicDocument"]]])
15:42:48.275 INFO - Done: [click: 14 [[ChromeDriver: chrome on MAC (f0af9ed469998065fddfa78ded65bfb2)] -> css selector: li[id="publicDocument"]]]
15:42:49.286 INFO - Executing: [get current url])
15:42:49.292 INFO - Done: [get current url]
15:42:49.296 INFO - Executing: [find elements: By.cssSelector: h4])
15:42:49.306 INFO - Done: [find elements: By.cssSelector: h4]
15:42:49.311 INFO - Executing: [is displayed: 23 [[ChromeDriver: chrome on MAC (f0af9ed469998065fddfa78ded65bfb2)] -> css selector: h4]])
15:42:49.332 INFO - Done: [is displayed: 23 [[ChromeDriver: chrome on MAC (f0af9ed469998065fddfa78ded65bfb2)] -> css selector: h4]]
15:42:49.340 INFO - Executing: [find element: By.cssSelector: h4])
15:42:49.350 INFO - Done: [find element: By.cssSelector: h4]
15:42:49.355 INFO - Executing: [get text: 23 [[ChromeDriver: chrome on MAC (f0af9ed469998065fddfa78ded65bfb2)] -> css selector: h4]])
15:42:49.384 INFO - Done: [get text: 23 [[ChromeDriver: chrome on MAC (f0af9ed469998065fddfa78ded65bfb2)] -> css selector: h4]]
15:42:49.389 INFO - Executing: [find elements: By.cssSelector: .view-doc])
15:42:49.411 INFO - Done: [find elements: By.cssSelector: .view-doc]
15:42:49.414 INFO - Executing: [is displayed: 33 [[ChromeDriver: chrome on MAC (f0af9ed469998065fddfa78ded65bfb2)] -> css selector: .view-doc]])
15:42:49.433 INFO - Done: [is displayed: 33 [[ChromeDriver: chrome on MAC (f0af9ed469998065fddfa78ded65bfb2)] -> css selector: .view-doc]]
15:42:49.439 INFO - Executing: [find element: By.cssSelector: .card-title])
15:42:49.462 INFO - Done: [find element: By.cssSelector: .card-title]
15:42:49.465 INFO - Executing: [is displayed: 42 [[ChromeDriver: chrome on MAC (f0af9ed469998065fddfa78ded65bfb2)] -> css selector: .card-title]])
15:42:49.485 INFO - Done: [is displayed: 42 [[ChromeDriver: chrome on MAC (f0af9ed469998065fddfa78ded65bfb2)] -> css selector: .card-title]]
15:42:49.491 INFO - Executing: [find element: By.cssSelector: .card-action])
15:42:49.514 INFO - Done: [find element: By.cssSelector: .card-action]
15:42:49.517 INFO - Executing: [is displayed: 43 [[ChromeDriver: chrome on MAC (f0af9ed469998065fddfa78ded65bfb2)] -> css selector: .card-action]])
15:42:49.536 INFO - Done: [is displayed: 43 [[ChromeDriver: chrome on MAC (f0af9ed469998065fddfa78ded65bfb2)] -> css selector: .card-action]]
15:42:49.540 INFO - Executing: [find element: By.cssSelector: .view-doc])
15:42:49.560 INFO - Done: [find element: By.cssSelector: .view-doc]
15:42:49.564 INFO - Executing: [is displayed: 33 [[ChromeDriver: chrome on MAC (f0af9ed469998065fddfa78ded65bfb2)] -> css selector: .view-doc]])
15:42:49.573 INFO - Done: [is displayed: 33 [[ChromeDriver: chrome on MAC (f0af9ed469998065fddfa78ded65bfb2)] -> css selector: .view-doc]]
15:42:49.577 INFO - Executing: [find element: By.cssSelector: .view-doc])
15:42:49.586 INFO - Done: [find element: By.cssSelector: .view-doc]
15:42:49.592 INFO - Executing: [click: 33 [[ChromeDriver: chrome on MAC (f0af9ed469998065fddfa78ded65bfb2)] -> css selector: .view-doc]])
15:42:49.658 INFO - Done: [click: 33 [[ChromeDriver: chrome on MAC (f0af9ed469998065fddfa78ded65bfb2)] -> css selector: .view-doc]]
15:42:51.669 INFO - Executing: [find elements: By.cssSelector: .close-doc])
15:42:51.690 INFO - Done: [find elements: By.cssSelector: .close-doc]
15:42:51.693 INFO - Executing: [is displayed: 44 [[ChromeDriver: chrome on MAC (f0af9ed469998065fddfa78ded65bfb2)] -> css selector: .close-doc]])
15:42:51.711 INFO - Done: [is displayed: 44 [[ChromeDriver: chrome on MAC (f0af9ed469998065fddfa78ded65bfb2)] -> css selector: .close-doc]]
15:42:51.717 INFO - Executing: [find element: By.cssSelector: .close-doc])
15:42:51.739 INFO - Done: [find element: By.cssSelector: .close-doc]
15:42:51.744 INFO - Executing: [is displayed: 44 [[ChromeDriver: chrome on MAC (f0af9ed469998065fddfa78ded65bfb2)] -> css selector: .close-doc]])
15:42:51.754 INFO - Done: [is displayed: 44 [[ChromeDriver: chrome on MAC (f0af9ed469998065fddfa78ded65bfb2)] -> css selector: .close-doc]]
15:42:51.757 INFO - Executing: [find element: By.cssSelector: .close-doc])
15:42:51.766 INFO - Done: [find element: By.cssSelector: .close-doc]
15:42:51.769 INFO - Executing: [click: 44 [[ChromeDriver: chrome on MAC (f0af9ed469998065fddfa78ded65bfb2)] -> css selector: .close-doc]])
15:42:51.831 INFO - Done: [click: 44 [[ChromeDriver: chrome on MAC (f0af9ed469998065fddfa78ded65bfb2)] -> css selector: .close-doc]]
15:42:53.846 INFO - Executing: [find elements: By.cssSelector: li[id="publicDocument"]])
15:42:53.879 INFO - Done: [find elements: By.cssSelector: li[id="publicDocument"]]
15:42:53.883 INFO - Executing: [is displayed: 14 [[ChromeDriver: chrome on MAC (f0af9ed469998065fddfa78ded65bfb2)] -> css selector: li[id="publicDocument"]]])
15:42:53.902 INFO - Done: [is displayed: 14 [[ChromeDriver: chrome on MAC (f0af9ed469998065fddfa78ded65bfb2)] -> css selector: li[id="publicDocument"]]]
15:42:53.906 INFO - Executing: [find elements: By.cssSelector: li[id="dashboard"]])
15:42:53.937 INFO - Done: [find elements: By.cssSelector: li[id="dashboard"]]
15:42:53.941 INFO - Executing: [is displayed: 15 [[ChromeDriver: chrome on MAC (f0af9ed469998065fddfa78ded65bfb2)] -> css selector: li[id="dashboard"]]])
15:42:53.967 INFO - Done: [is displayed: 15 [[ChromeDriver: chrome on MAC (f0af9ed469998065fddfa78ded65bfb2)] -> css selector: li[id="dashboard"]]]
15:42:53.971 INFO - Executing: [find elements: By.cssSelector: li[id="roleDocument"]])
15:42:53.992 INFO - Done: [find elements: By.cssSelector: li[id="roleDocument"]]
15:42:53.995 INFO - Executing: [is displayed: 16 [[ChromeDriver: chrome on MAC (f0af9ed469998065fddfa78ded65bfb2)] -> css selector: li[id="roleDocument"]]])
15:42:54.014 INFO - Done: [is displayed: 16 [[ChromeDriver: chrome on MAC (f0af9ed469998065fddfa78ded65bfb2)] -> css selector: li[id="roleDocument"]]]
15:42:54.018 INFO - Executing: [find element: By.cssSelector: li[id="publicDocument"]])
15:42:54.040 INFO - Done: [find element: By.cssSelector: li[id="publicDocument"]]
15:42:54.045 INFO - Executing: [is displayed: 14 [[ChromeDriver: chrome on MAC (f0af9ed469998065fddfa78ded65bfb2)] -> css selector: li[id="publicDocument"]]])
15:42:54.053 INFO - Done: [is displayed: 14 [[ChromeDriver: chrome on MAC (f0af9ed469998065fddfa78ded65bfb2)] -> css selector: li[id="publicDocument"]]]
15:42:54.058 INFO - Executing: [find element: By.cssSelector: li[id="dashboard"]])
15:42:54.085 INFO - Done: [find element: By.cssSelector: li[id="dashboard"]]
15:42:54.091 INFO - Executing: [is displayed: 15 [[ChromeDriver: chrome on MAC (f0af9ed469998065fddfa78ded65bfb2)] -> css selector: li[id="dashboard"]]])
15:42:54.101 INFO - Done: [is displayed: 15 [[ChromeDriver: chrome on MAC (f0af9ed469998065fddfa78ded65bfb2)] -> css selector: li[id="dashboard"]]]
15:42:54.106 INFO - Executing: [find element: By.cssSelector: li[id="roleDocument"]])
15:42:54.129 INFO - Done: [find element: By.cssSelector: li[id="roleDocument"]]
15:42:54.133 INFO - Executing: [is displayed: 16 [[ChromeDriver: chrome on MAC (f0af9ed469998065fddfa78ded65bfb2)] -> css selector: li[id="roleDocument"]]])
15:42:54.141 INFO - Done: [is displayed: 16 [[ChromeDriver: chrome on MAC (f0af9ed469998065fddfa78ded65bfb2)] -> css selector: li[id="roleDocument"]]]
15:42:54.148 INFO - Executing: [find element: By.cssSelector: li[id="roleDocument"]])
15:42:54.156 INFO - Done: [find element: By.cssSelector: li[id="roleDocument"]]
15:42:54.159 INFO - Executing: [click: 16 [[ChromeDriver: chrome on MAC (f0af9ed469998065fddfa78ded65bfb2)] -> css selector: li[id="roleDocument"]]])
15:42:54.224 INFO - Done: [click: 16 [[ChromeDriver: chrome on MAC (f0af9ed469998065fddfa78ded65bfb2)] -> css selector: li[id="roleDocument"]]]
15:42:55.231 INFO - Executing: [get current url])
15:42:55.237 INFO - Done: [get current url]
15:42:55.241 INFO - Executing: [find elements: By.cssSelector: h4])
15:42:55.263 INFO - Done: [find elements: By.cssSelector: h4]
15:42:55.268 INFO - Executing: [is displayed: 53 [[ChromeDriver: chrome on MAC (f0af9ed469998065fddfa78ded65bfb2)] -> css selector: h4]])
15:42:55.292 INFO - Done: [is displayed: 53 [[ChromeDriver: chrome on MAC (f0af9ed469998065fddfa78ded65bfb2)] -> css selector: h4]]
15:42:55.296 INFO - Executing: [find element: By.cssSelector: h4])
15:42:55.314 INFO - Done: [find element: By.cssSelector: h4]
15:42:55.317 INFO - Executing: [get text: 53 [[ChromeDriver: chrome on MAC (f0af9ed469998065fddfa78ded65bfb2)] -> css selector: h4]])
15:42:55.343 INFO - Done: [get text: 53 [[ChromeDriver: chrome on MAC (f0af9ed469998065fddfa78ded65bfb2)] -> css selector: h4]]
15:42:55.348 INFO - Executing: [find elements: By.cssSelector: .view-doc])
15:42:55.371 INFO - Done: [find elements: By.cssSelector: .view-doc]
15:42:55.375 INFO - Executing: [is displayed: 61 [[ChromeDriver: chrome on MAC (f0af9ed469998065fddfa78ded65bfb2)] -> css selector: .view-doc]])
15:42:55.396 INFO - Done: [is displayed: 61 [[ChromeDriver: chrome on MAC (f0af9ed469998065fddfa78ded65bfb2)] -> css selector: .view-doc]]
15:42:55.400 INFO - Executing: [find element: By.cssSelector: .card-title])
15:42:55.420 INFO - Done: [find element: By.cssSelector: .card-title]
15:42:55.423 INFO - Executing: [is displayed: 68 [[ChromeDriver: chrome on MAC (f0af9ed469998065fddfa78ded65bfb2)] -> css selector: .card-title]])
15:42:55.442 INFO - Done: [is displayed: 68 [[ChromeDriver: chrome on MAC (f0af9ed469998065fddfa78ded65bfb2)] -> css selector: .card-title]]
15:42:55.449 INFO - Executing: [find element: By.cssSelector: .card-action])
15:42:55.475 INFO - Done: [find element: By.cssSelector: .card-action]
15:42:55.480 INFO - Executing: [is displayed: 69 [[ChromeDriver: chrome on MAC (f0af9ed469998065fddfa78ded65bfb2)] -> css selector: .card-action]])
15:42:55.499 INFO - Done: [is displayed: 69 [[ChromeDriver: chrome on MAC (f0af9ed469998065fddfa78ded65bfb2)] -> css selector: .card-action]]
15:42:55.504 INFO - Executing: [find element: By.cssSelector: .view-doc])
15:42:55.526 INFO - Done: [find element: By.cssSelector: .view-doc]
15:42:55.529 INFO - Executing: [is displayed: 61 [[ChromeDriver: chrome on MAC (f0af9ed469998065fddfa78ded65bfb2)] -> css selector: .view-doc]])
15:42:55.538 INFO - Done: [is displayed: 61 [[ChromeDriver: chrome on MAC (f0af9ed469998065fddfa78ded65bfb2)] -> css selector: .view-doc]]
15:42:55.542 INFO - Executing: [find element: By.cssSelector: .view-doc])
15:42:55.553 INFO - Done: [find element: By.cssSelector: .view-doc]
15:42:55.558 INFO - Executing: [click: 61 [[ChromeDriver: chrome on MAC (f0af9ed469998065fddfa78ded65bfb2)] -> css selector: .view-doc]])
15:42:55.617 INFO - Done: [click: 61 [[ChromeDriver: chrome on MAC (f0af9ed469998065fddfa78ded65bfb2)] -> css selector: .view-doc]]
15:42:57.628 INFO - Executing: [find elements: By.cssSelector: .close-doc])
15:42:57.638 INFO - Done: [find elements: By.cssSelector: .close-doc]
15:42:57.643 INFO - Executing: [is displayed: 70 [[ChromeDriver: chrome on MAC (f0af9ed469998065fddfa78ded65bfb2)] -> css selector: .close-doc]])
15:42:57.663 INFO - Done: [is displayed: 70 [[ChromeDriver: chrome on MAC (f0af9ed469998065fddfa78ded65bfb2)] -> css selector: .close-doc]]
15:42:57.675 INFO - Executing: [find element: By.cssSelector: .close-doc])
15:42:57.686 INFO - Done: [find element: By.cssSelector: .close-doc]
15:42:57.691 INFO - Executing: [is displayed: 70 [[ChromeDriver: chrome on MAC (f0af9ed469998065fddfa78ded65bfb2)] -> css selector: .close-doc]])
15:42:57.700 INFO - Done: [is displayed: 70 [[ChromeDriver: chrome on MAC (f0af9ed469998065fddfa78ded65bfb2)] -> css selector: .close-doc]]
15:42:57.706 INFO - Executing: [find element: By.cssSelector: .close-doc])
15:42:57.713 INFO - Done: [find element: By.cssSelector: .close-doc]
15:42:57.723 INFO - Executing: [click: 70 [[ChromeDriver: chrome on MAC (f0af9ed469998065fddfa78ded65bfb2)] -> css selector: .close-doc]])
15:42:57.781 INFO - Done: [click: 70 [[ChromeDriver: chrome on MAC (f0af9ed469998065fddfa78ded65bfb2)] -> css selector: .close-doc]]
15:42:59.802 INFO - Executing: [find elements: By.cssSelector: li[id="publicDocument"]])
15:42:59.820 INFO - Done: [find elements: By.cssSelector: li[id="publicDocument"]]
15:42:59.824 INFO - Executing: [is displayed: 14 [[ChromeDriver: chrome on MAC (f0af9ed469998065fddfa78ded65bfb2)] -> css selector: li[id="publicDocument"]]])
15:42:59.837 INFO - Done: [is displayed: 14 [[ChromeDriver: chrome on MAC (f0af9ed469998065fddfa78ded65bfb2)] -> css selector: li[id="publicDocument"]]]
15:42:59.845 INFO - Executing: [find elements: By.cssSelector: li[id="dashboard"]])
15:42:59.856 INFO - Done: [find elements: By.cssSelector: li[id="dashboard"]]
15:42:59.860 INFO - Executing: [is displayed: 15 [[ChromeDriver: chrome on MAC (f0af9ed469998065fddfa78ded65bfb2)] -> css selector: li[id="dashboard"]]])
15:42:59.868 INFO - Done: [is displayed: 15 [[ChromeDriver: chrome on MAC (f0af9ed469998065fddfa78ded65bfb2)] -> css selector: li[id="dashboard"]]]
15:42:59.871 INFO - Executing: [find elements: By.cssSelector: li[id="roleDocument"]])
15:42:59.880 INFO - Done: [find elements: By.cssSelector: li[id="roleDocument"]]
15:42:59.883 INFO - Executing: [is displayed: 16 [[ChromeDriver: chrome on MAC (f0af9ed469998065fddfa78ded65bfb2)] -> css selector: li[id="roleDocument"]]])
15:42:59.891 INFO - Done: [is displayed: 16 [[ChromeDriver: chrome on MAC (f0af9ed469998065fddfa78ded65bfb2)] -> css selector: li[id="roleDocument"]]]
15:42:59.896 INFO - Executing: [find element: By.cssSelector: li[id="publicDocument"]])
15:42:59.905 INFO - Done: [find element: By.cssSelector: li[id="publicDocument"]]
15:42:59.910 INFO - Executing: [is displayed: 14 [[ChromeDriver: chrome on MAC (f0af9ed469998065fddfa78ded65bfb2)] -> css selector: li[id="publicDocument"]]])
15:42:59.942 INFO - Done: [is displayed: 14 [[ChromeDriver: chrome on MAC (f0af9ed469998065fddfa78ded65bfb2)] -> css selector: li[id="publicDocument"]]]
15:42:59.947 INFO - Executing: [find element: By.cssSelector: li[id="dashboard"]])
15:42:59.956 INFO - Done: [find element: By.cssSelector: li[id="dashboard"]]
15:42:59.959 INFO - Executing: [is displayed: 15 [[ChromeDriver: chrome on MAC (f0af9ed469998065fddfa78ded65bfb2)] -> css selector: li[id="dashboard"]]])
15:42:59.970 INFO - Done: [is displayed: 15 [[ChromeDriver: chrome on MAC (f0af9ed469998065fddfa78ded65bfb2)] -> css selector: li[id="dashboard"]]]
15:42:59.975 INFO - Executing: [find element: By.cssSelector: li[id="dashboard"]])
15:42:59.984 INFO - Done: [find element: By.cssSelector: li[id="dashboard"]]
15:42:59.988 INFO - Executing: [click: 15 [[ChromeDriver: chrome on MAC (f0af9ed469998065fddfa78ded65bfb2)] -> css selector: li[id="dashboard"]]])
15:43:00.084 INFO - Done: [click: 15 [[ChromeDriver: chrome on MAC (f0af9ed469998065fddfa78ded65bfb2)] -> css selector: li[id="dashboard"]]]
15:43:01.094 INFO - Executing: [get current url])
15:43:01.099 INFO - Done: [get current url]
15:43:01.103 INFO - Executing: [find elements: By.cssSelector: h4])
15:43:01.113 INFO - Done: [find elements: By.cssSelector: h4]
15:43:01.118 INFO - Executing: [is displayed: 77 [[ChromeDriver: chrome on MAC (f0af9ed469998065fddfa78ded65bfb2)] -> css selector: h4]])
15:43:01.139 INFO - Done: [is displayed: 77 [[ChromeDriver: chrome on MAC (f0af9ed469998065fddfa78ded65bfb2)] -> css selector: h4]]
15:43:01.143 INFO - Executing: [find element: By.cssSelector: h4])
15:43:01.154 INFO - Done: [find element: By.cssSelector: h4]
15:43:01.157 INFO - Executing: [get text: 77 [[ChromeDriver: chrome on MAC (f0af9ed469998065fddfa78ded65bfb2)] -> css selector: h4]])
15:43:01.179 INFO - Done: [get text: 77 [[ChromeDriver: chrome on MAC (f0af9ed469998065fddfa78ded65bfb2)] -> css selector: h4]]
15:43:01.183 INFO - Executing: [find element: By.cssSelector: .card-title])
15:43:01.191 INFO - Done: [find element: By.cssSelector: .card-title]
15:43:01.194 INFO - Executing: [is displayed: 87 [[ChromeDriver: chrome on MAC (f0af9ed469998065fddfa78ded65bfb2)] -> css selector: .card-title]])
15:43:01.220 INFO - Done: [is displayed: 87 [[ChromeDriver: chrome on MAC (f0af9ed469998065fddfa78ded65bfb2)] -> css selector: .card-title]]
15:43:01.225 INFO - Executing: [find element: By.cssSelector: .card-action])
15:43:01.239 INFO - Done: [find element: By.cssSelector: .card-action]
15:43:01.244 INFO - Executing: [is displayed: 88 [[ChromeDriver: chrome on MAC (f0af9ed469998065fddfa78ded65bfb2)] -> css selector: .card-action]])
15:43:01.265 INFO - Done: [is displayed: 88 [[ChromeDriver: chrome on MAC (f0af9ed469998065fddfa78ded65bfb2)] -> css selector: .card-action]]
15:43:01.268 INFO - Executing: [find elements: By.cssSelector: .view-doc])
15:43:01.284 INFO - Done: [find elements: By.cssSelector: .view-doc]
15:43:01.289 INFO - Executing: [is displayed: 89 [[ChromeDriver: chrome on MAC (f0af9ed469998065fddfa78ded65bfb2)] -> css selector: .view-doc]])
15:43:01.310 INFO - Done: [is displayed: 89 [[ChromeDriver: chrome on MAC (f0af9ed469998065fddfa78ded65bfb2)] -> css selector: .view-doc]]
15:43:01.318 INFO - Executing: [find element: By.cssSelector: .view-doc])
15:43:01.326 INFO - Done: [find element: By.cssSelector: .view-doc]
15:43:01.329 INFO - Executing: [is displayed: 89 [[ChromeDriver: chrome on MAC (f0af9ed469998065fddfa78ded65bfb2)] -> css selector: .view-doc]])
15:43:01.339 INFO - Done: [is displayed: 89 [[ChromeDriver: chrome on MAC (f0af9ed469998065fddfa78ded65bfb2)] -> css selector: .view-doc]]
15:43:01.343 INFO - Executing: [find element: By.cssSelector: .view-doc])
15:43:01.351 INFO - Done: [find element: By.cssSelector: .view-doc]
15:43:01.356 INFO - Executing: [click: 89 [[ChromeDriver: chrome on MAC (f0af9ed469998065fddfa78ded65bfb2)] -> css selector: .view-doc]])
15:43:01.418 INFO - Done: [click: 89 [[ChromeDriver: chrome on MAC (f0af9ed469998065fddfa78ded65bfb2)] -> css selector: .view-doc]]
15:43:03.429 INFO - Executing: [find elements: By.cssSelector: .close-doc])
15:43:03.440 INFO - Done: [find elements: By.cssSelector: .close-doc]
15:43:03.444 INFO - Executing: [is displayed: 98 [[ChromeDriver: chrome on MAC (f0af9ed469998065fddfa78ded65bfb2)] -> css selector: .close-doc]])
15:43:03.466 INFO - Done: [is displayed: 98 [[ChromeDriver: chrome on MAC (f0af9ed469998065fddfa78ded65bfb2)] -> css selector: .close-doc]]
15:43:03.471 INFO - Executing: [find element: By.cssSelector: .close-doc])
15:43:03.481 INFO - Done: [find element: By.cssSelector: .close-doc]
15:43:03.484 INFO - Executing: [is displayed: 98 [[ChromeDriver: chrome on MAC (f0af9ed469998065fddfa78ded65bfb2)] -> css selector: .close-doc]])
15:43:03.493 INFO - Done: [is displayed: 98 [[ChromeDriver: chrome on MAC (f0af9ed469998065fddfa78ded65bfb2)] -> css selector: .close-doc]]
15:43:03.497 INFO - Executing: [find element: By.cssSelector: .close-doc])
15:43:03.506 INFO - Done: [find element: By.cssSelector: .close-doc]
15:43:03.508 INFO - Executing: [click: 98 [[ChromeDriver: chrome on MAC (f0af9ed469998065fddfa78ded65bfb2)] -> css selector: .close-doc]])
15:43:03.568 INFO - Done: [click: 98 [[ChromeDriver: chrome on MAC (f0af9ed469998065fddfa78ded65bfb2)] -> css selector: .close-doc]]
15:43:08.580 INFO - Executing: [get: http://localhost:9000/dashboard])
15:43:09.424 INFO - Done: [get: http://localhost:9000/dashboard]
15:43:09.428 INFO - Executing: [find elements: By.cssSelector: body])
15:43:09.465 INFO - Done: [find elements: By.cssSelector: body]
15:43:09.467 INFO - Executing: [is displayed: 107 [[ChromeDriver: chrome on MAC (f0af9ed469998065fddfa78ded65bfb2)] -> css selector: body]])
15:43:09.484 INFO - Done: [is displayed: 107 [[ChromeDriver: chrome on MAC (f0af9ed469998065fddfa78ded65bfb2)] -> css selector: body]]
15:43:09.489 INFO - Executing: [find element: By.cssSelector: .brand-logo])
15:43:09.512 INFO - Done: [find element: By.cssSelector: .brand-logo]
15:43:09.514 INFO - Executing: [is displayed: 108 [[ChromeDriver: chrome on MAC (f0af9ed469998065fddfa78ded65bfb2)] -> css selector: .brand-logo]])
15:43:09.533 INFO - Done: [is displayed: 108 [[ChromeDriver: chrome on MAC (f0af9ed469998065fddfa78ded65bfb2)] -> css selector: .brand-logo]]
15:43:09.536 INFO - Executing: [get current url])
15:43:09.541 INFO - Done: [get current url]
15:43:09.546 INFO - Executing: [find elements: By.cssSelector: .logout-btn])
15:43:09.566 INFO - Done: [find elements: By.cssSelector: .logout-btn]
15:43:09.569 INFO - Executing: [is displayed: 109 [[ChromeDriver: chrome on MAC (f0af9ed469998065fddfa78ded65bfb2)] -> css selector: .logout-btn]])
15:43:09.597 INFO - Done: [is displayed: 109 [[ChromeDriver: chrome on MAC (f0af9ed469998065fddfa78ded65bfb2)] -> css selector: .logout-btn]]
15:43:09.601 INFO - Executing: [find element: By.cssSelector: .logout-btn])
15:43:09.621 INFO - Done: [find element: By.cssSelector: .logout-btn]
15:43:09.625 INFO - Executing: [click: 109 [[ChromeDriver: chrome on MAC (f0af9ed469998065fddfa78ded65bfb2)] -> css selector: .logout-btn]])
15:43:09.679 INFO - Done: [click: 109 [[ChromeDriver: chrome on MAC (f0af9ed469998065fddfa78ded65bfb2)] -> css selector: .logout-btn]]
15:43:11.686 INFO - Executing: [delete session: 74318f15-6d60-4dd5-bedc-7e67035743a5])
15:43:11.848 INFO - Done: [delete session: 74318f15-6d60-4dd5-bedc-7e67035743a5]
15:43:11.881 INFO - Executing: [new session: Capabilities [{acceptSslCerts=true, name=User Test Spec, browserName=chrome, javascriptEnabled=true, platform=ANY}]])
15:43:11.882 INFO - Creating a new session for Capabilities [{acceptSslCerts=true, name=User Test Spec, browserName=chrome, javascriptEnabled=true, platform=ANY}]
Starting ChromeDriver 2.30.477690 (c53f4ad87510ee97b5c3425a14c0e79780cdf262) on port 46148
Only local connections are allowed.
15:43:12.680 INFO - Detected dialect: OSS
15:43:12.684 INFO - Done: [new session: Capabilities [{acceptSslCerts=true, name=User Test Spec, browserName=chrome, javascriptEnabled=true, platform=ANY}]]
15:43:12.690 INFO - Executing: [set window size])
15:43:12.886 INFO - Done: [set window size]
15:43:12.890 INFO - Executing: [get: http://localhost:9000/login])
15:43:15.702 INFO - Done: [get: http://localhost:9000/login]
15:43:15.708 INFO - Executing: [find elements: By.cssSelector: body])
15:43:15.733 INFO - Done: [find elements: By.cssSelector: body]
15:43:15.736 INFO - Executing: [is displayed: 0 [[ChromeDriver: chrome on MAC (6debca41bc94ac87fc2f8a026026977a)] -> css selector: body]])
15:43:15.753 INFO - Done: [is displayed: 0 [[ChromeDriver: chrome on MAC (6debca41bc94ac87fc2f8a026026977a)] -> css selector: body]]
15:43:15.757 INFO - Executing: [find element: By.cssSelector: input[name=email]])
15:43:15.778 INFO - Done: [find element: By.cssSelector: input[name=email]]
15:43:15.786 INFO - Executing: [send keys: 1 [[ChromeDriver: chrome on MAC (6debca41bc94ac87fc2f8a026026977a)] -> css selector: input[name=email]], []])
15:43:15.831 INFO - Done: [send keys: 1 [[ChromeDriver: chrome on MAC (6debca41bc94ac87fc2f8a026026977a)] -> css selector: input[name=email]], []]
15:43:15.835 INFO - Executing: [find element: By.cssSelector: input[name=password]])
15:43:15.859 INFO - Done: [find element: By.cssSelector: input[name=password]]
15:43:15.863 INFO - Executing: [send keys: 2 [[ChromeDriver: chrome on MAC (6debca41bc94ac87fc2f8a026026977a)] -> css selector: input[name=password]], []])
15:43:15.906 INFO - Done: [send keys: 2 [[ChromeDriver: chrome on MAC (6debca41bc94ac87fc2f8a026026977a)] -> css selector: input[name=password]], []]
15:43:15.913 INFO - Executing: [find element: By.cssSelector: .login-btn])
15:43:15.947 INFO - Done: [find element: By.cssSelector: .login-btn]
15:43:15.950 INFO - Executing: [click: 3 [[ChromeDriver: chrome on MAC (6debca41bc94ac87fc2f8a026026977a)] -> css selector: .login-btn]])
15:43:16.019 INFO - Done: [click: 3 [[ChromeDriver: chrome on MAC (6debca41bc94ac87fc2f8a026026977a)] -> css selector: .login-btn]]
15:43:16.024 INFO - Executing: [find elements: By.cssSelector: h3])
15:43:16.045 INFO - Done: [find elements: By.cssSelector: h3]
15:43:16.052 INFO - Executing: [is displayed: 4 [[ChromeDriver: chrome on MAC (6debca41bc94ac87fc2f8a026026977a)] -> css selector: h3]])
15:43:16.075 INFO - Done: [is displayed: 4 [[ChromeDriver: chrome on MAC (6debca41bc94ac87fc2f8a026026977a)] -> css selector: h3]]
15:43:16.080 INFO - Executing: [find element: By.cssSelector: h3])
15:43:16.108 INFO - Done: [find element: By.cssSelector: h3]
15:43:16.113 INFO - Executing: [get text: 4 [[ChromeDriver: chrome on MAC (6debca41bc94ac87fc2f8a026026977a)] -> css selector: h3]])
15:43:16.140 INFO - Done: [get text: 4 [[ChromeDriver: chrome on MAC (6debca41bc94ac87fc2f8a026026977a)] -> css selector: h3]]
15:43:16.147 INFO - Executing: [get: http://localhost:9000/login])
15:43:17.050 INFO - Done: [get: http://localhost:9000/login]
15:43:17.055 INFO - Executing: [find elements: By.cssSelector: body])
15:43:17.064 INFO - Done: [find elements: By.cssSelector: body]
15:43:17.067 INFO - Executing: [is displayed: 5 [[ChromeDriver: chrome on MAC (6debca41bc94ac87fc2f8a026026977a)] -> css selector: body]])
15:43:17.086 INFO - Done: [is displayed: 5 [[ChromeDriver: chrome on MAC (6debca41bc94ac87fc2f8a026026977a)] -> css selector: body]]
15:43:17.089 INFO - Executing: [find element: By.cssSelector: input[name=email]])
15:43:17.098 INFO - Done: [find element: By.cssSelector: input[name=email]]
15:43:17.104 INFO - Executing: [send keys: 6 [[ChromeDriver: chrome on MAC (6debca41bc94ac87fc2f8a026026977a)] -> css selector: input[name=email]], [w, r, o, n, g, e, m, a, i, l, @, e, m, a, i, l, ., c, o, m]])
15:43:17.298 INFO - Done: [send keys: 6 [[ChromeDriver: chrome on MAC (6debca41bc94ac87fc2f8a026026977a)] -> css selector: input[name=email]], [w, r, o, n, g, e, m, a, i, l, @, e, m, a, i, l, ., c, o, m]]
15:43:17.303 INFO - Executing: [find element: By.cssSelector: input[name=password]])
15:43:17.313 INFO - Done: [find element: By.cssSelector: input[name=password]]
15:43:17.316 INFO - Executing: [send keys: 7 [[ChromeDriver: chrome on MAC (6debca41bc94ac87fc2f8a026026977a)] -> css selector: input[name=password]], [p, a, s, s, w, o, r, d]])
15:43:17.439 INFO - Done: [send keys: 7 [[ChromeDriver: chrome on MAC (6debca41bc94ac87fc2f8a026026977a)] -> css selector: input[name=password]], [p, a, s, s, w, o, r, d]]
15:43:17.443 INFO - Executing: [find element: By.cssSelector: .login-btn])
15:43:17.453 INFO - Done: [find element: By.cssSelector: .login-btn]
15:43:17.456 INFO - Executing: [click: 8 [[ChromeDriver: chrome on MAC (6debca41bc94ac87fc2f8a026026977a)] -> css selector: .login-btn]])
15:43:17.514 INFO - Done: [click: 8 [[ChromeDriver: chrome on MAC (6debca41bc94ac87fc2f8a026026977a)] -> css selector: .login-btn]]
15:43:17.518 INFO - Executing: [find elements: By.cssSelector: h3])
15:43:17.556 INFO - Done: [find elements: By.cssSelector: h3]
15:43:17.559 INFO - Executing: [is displayed: 9 [[ChromeDriver: chrome on MAC (6debca41bc94ac87fc2f8a026026977a)] -> css selector: h3]])
15:43:17.582 INFO - Done: [is displayed: 9 [[ChromeDriver: chrome on MAC (6debca41bc94ac87fc2f8a026026977a)] -> css selector: h3]]
15:43:17.604 INFO - Executing: [find element: By.cssSelector: h3])
15:43:17.635 INFO - Done: [find element: By.cssSelector: h3]
15:43:17.640 INFO - Executing: [get text: 9 [[ChromeDriver: chrome on MAC (6debca41bc94ac87fc2f8a026026977a)] -> css selector: h3]])
15:43:17.673 INFO - Done: [get text: 9 [[ChromeDriver: chrome on MAC (6debca41bc94ac87fc2f8a026026977a)] -> css selector: h3]]
15:43:18.686 INFO - Executing: [get: http://localhost:9000/login])
15:43:20.874 INFO - Done: [get: http://localhost:9000/login]
15:43:20.882 INFO - Executing: [find elements: By.cssSelector: body])
15:43:20.891 INFO - Done: [find elements: By.cssSelector: body]
15:43:20.895 INFO - Executing: [is displayed: 10 [[ChromeDriver: chrome on MAC (6debca41bc94ac87fc2f8a026026977a)] -> css selector: body]])
15:43:20.911 INFO - Done: [is displayed: 10 [[ChromeDriver: chrome on MAC (6debca41bc94ac87fc2f8a026026977a)] -> css selector: body]]
15:43:20.914 INFO - Executing: [find element: By.cssSelector: input[name=email]])
15:43:20.922 INFO - Done: [find element: By.cssSelector: input[name=email]]
15:43:20.926 INFO - Executing: [send keys: 11 [[ChromeDriver: chrome on MAC (6debca41bc94ac87fc2f8a026026977a)] -> css selector: input[name=email]], [g, h, o, s, t, @, g, h, o, s, t, ., c, o, m]])
15:43:21.119 INFO - Done: [send keys: 11 [[ChromeDriver: chrome on MAC (6debca41bc94ac87fc2f8a026026977a)] -> css selector: input[name=email]], [g, h, o, s, t, @, g, h, o, s, t, ., c, o, m]]
15:43:21.123 INFO - Executing: [find element: By.cssSelector: input[name=password]])
15:43:21.133 INFO - Done: [find element: By.cssSelector: input[name=password]]
15:43:21.139 INFO - Executing: [send keys: 12 [[ChromeDriver: chrome on MAC (6debca41bc94ac87fc2f8a026026977a)] -> css selector: input[name=password]], [w, r, o, n, g, _, p, a, s, s, w, o, r, d]])
15:43:21.280 INFO - Done: [send keys: 12 [[ChromeDriver: chrome on MAC (6debca41bc94ac87fc2f8a026026977a)] -> css selector: input[name=password]], [w, r, o, n, g, _, p, a, s, s, w, o, r, d]]
15:43:21.282 INFO - Executing: [find element: By.cssSelector: .login-btn])
15:43:21.291 INFO - Done: [find element: By.cssSelector: .login-btn]
15:43:21.294 INFO - Executing: [click: 13 [[ChromeDriver: chrome on MAC (6debca41bc94ac87fc2f8a026026977a)] -> css selector: .login-btn]])
15:43:21.362 INFO - Done: [click: 13 [[ChromeDriver: chrome on MAC (6debca41bc94ac87fc2f8a026026977a)] -> css selector: .login-btn]]
15:43:21.368 INFO - Executing: [find elements: By.cssSelector: h3])
15:43:21.385 INFO - Done: [find elements: By.cssSelector: h3]
15:43:21.388 INFO - Executing: [is displayed: 14 [[ChromeDriver: chrome on MAC (6debca41bc94ac87fc2f8a026026977a)] -> css selector: h3]])
15:43:21.419 INFO - Done: [is displayed: 14 [[ChromeDriver: chrome on MAC (6debca41bc94ac87fc2f8a026026977a)] -> css selector: h3]]
15:43:21.424 INFO - Executing: [find element: By.cssSelector: h3])
15:43:21.436 INFO - Done: [find element: By.cssSelector: h3]
15:43:21.440 INFO - Executing: [get text: 14 [[ChromeDriver: chrome on MAC (6debca41bc94ac87fc2f8a026026977a)] -> css selector: h3]])
15:43:21.485 INFO - Done: [get text: 14 [[ChromeDriver: chrome on MAC (6debca41bc94ac87fc2f8a026026977a)] -> css selector: h3]]
15:43:22.493 INFO - Executing: [get: http://localhost:9000/login])
15:43:23.352 INFO - Done: [get: http://localhost:9000/login]
15:43:23.357 INFO - Executing: [find elements: By.cssSelector: body])
15:43:23.366 INFO - Done: [find elements: By.cssSelector: body]
15:43:23.370 INFO - Executing: [is displayed: 15 [[ChromeDriver: chrome on MAC (6debca41bc94ac87fc2f8a026026977a)] -> css selector: body]])
15:43:23.385 INFO - Done: [is displayed: 15 [[ChromeDriver: chrome on MAC (6debca41bc94ac87fc2f8a026026977a)] -> css selector: body]]
15:43:23.389 INFO - Executing: [find element: By.cssSelector: input[name=email]])
15:43:23.397 INFO - Done: [find element: By.cssSelector: input[name=email]]
15:43:23.401 INFO - Executing: [send keys: 16 [[ChromeDriver: chrome on MAC (6debca41bc94ac87fc2f8a026026977a)] -> css selector: input[name=email]], [g, h, o, s, t, @, g, h, o, s, t, ., c, o, m]])
15:43:23.564 INFO - Done: [send keys: 16 [[ChromeDriver: chrome on MAC (6debca41bc94ac87fc2f8a026026977a)] -> css selector: input[name=email]], [g, h, o, s, t, @, g, h, o, s, t, ., c, o, m]]
15:43:23.567 INFO - Executing: [find element: By.cssSelector: input[name=password]])
15:43:23.577 INFO - Done: [find element: By.cssSelector: input[name=password]]
15:43:23.580 INFO - Executing: [send keys: 17 [[ChromeDriver: chrome on MAC (6debca41bc94ac87fc2f8a026026977a)] -> css selector: input[name=password]], [g, h, o, s, t, m, o, d, e]])
15:43:23.694 INFO - Done: [send keys: 17 [[ChromeDriver: chrome on MAC (6debca41bc94ac87fc2f8a026026977a)] -> css selector: input[name=password]], [g, h, o, s, t, m, o, d, e]]
15:43:23.697 INFO - Executing: [find element: By.cssSelector: .login-btn])
15:43:23.707 INFO - Done: [find element: By.cssSelector: .login-btn]
15:43:23.710 INFO - Executing: [click: 18 [[ChromeDriver: chrome on MAC (6debca41bc94ac87fc2f8a026026977a)] -> css selector: .login-btn]])
15:43:23.783 INFO - Done: [click: 18 [[ChromeDriver: chrome on MAC (6debca41bc94ac87fc2f8a026026977a)] -> css selector: .login-btn]]
15:43:23.788 INFO - Executing: [find elements: By.cssSelector: h4])
15:43:23.819 INFO - Done: [find elements: By.cssSelector: h4]
15:43:24.326 INFO - Executing: [find elements: By.cssSelector: h4])
15:43:24.348 INFO - Done: [find elements: By.cssSelector: h4]
15:43:24.356 INFO - Executing: [is displayed: 19 [[ChromeDriver: chrome on MAC (6debca41bc94ac87fc2f8a026026977a)] -> css selector: h4]])
15:43:24.376 INFO - Done: [is displayed: 19 [[ChromeDriver: chrome on MAC (6debca41bc94ac87fc2f8a026026977a)] -> css selector: h4]]
15:43:24.381 INFO - Executing: [find element: By.cssSelector: h4])
15:43:24.401 INFO - Done: [find element: By.cssSelector: h4]
15:43:24.404 INFO - Executing: [get text: 19 [[ChromeDriver: chrome on MAC (6debca41bc94ac87fc2f8a026026977a)] -> css selector: h4]])
15:43:24.424 INFO - Done: [get text: 19 [[ChromeDriver: chrome on MAC (6debca41bc94ac87fc2f8a026026977a)] -> css selector: h4]]
15:43:24.427 INFO - Executing: [get current url])
15:43:24.433 INFO - Done: [get current url]
15:43:25.445 INFO - Executing: [get: http://localhost:9000/dashboard])
15:43:26.310 INFO - Done: [get: http://localhost:9000/dashboard]
15:43:26.317 INFO - Executing: [find elements: By.cssSelector: body])
15:43:26.329 INFO - Done: [find elements: By.cssSelector: body]
15:43:26.331 INFO - Executing: [is displayed: 29 [[ChromeDriver: chrome on MAC (6debca41bc94ac87fc2f8a026026977a)] -> css selector: body]])
15:43:26.347 INFO - Done: [is displayed: 29 [[ChromeDriver: chrome on MAC (6debca41bc94ac87fc2f8a026026977a)] -> css selector: body]]
15:43:26.350 INFO - Executing: [find element: By.cssSelector: .brand-logo])
15:43:26.370 INFO - Done: [find element: By.cssSelector: .brand-logo]
15:43:26.373 INFO - Executing: [is displayed: 30 [[ChromeDriver: chrome on MAC (6debca41bc94ac87fc2f8a026026977a)] -> css selector: .brand-logo]])
15:43:26.391 INFO - Done: [is displayed: 30 [[ChromeDriver: chrome on MAC (6debca41bc94ac87fc2f8a026026977a)] -> css selector: .brand-logo]]
15:43:26.395 INFO - Executing: [get current url])
15:43:26.400 INFO - Done: [get current url]
15:43:26.404 INFO - Executing: [find elements: By.cssSelector: .logout-btn])
15:43:26.424 INFO - Done: [find elements: By.cssSelector: .logout-btn]
15:43:26.427 INFO - Executing: [is displayed: 31 [[ChromeDriver: chrome on MAC (6debca41bc94ac87fc2f8a026026977a)] -> css selector: .logout-btn]])
15:43:26.449 INFO - Done: [is displayed: 31 [[ChromeDriver: chrome on MAC (6debca41bc94ac87fc2f8a026026977a)] -> css selector: .logout-btn]]
15:43:26.452 INFO - Executing: [find element: By.cssSelector: .logout-btn])
15:43:26.472 INFO - Done: [find element: By.cssSelector: .logout-btn]
15:43:26.475 INFO - Executing: [click: 31 [[ChromeDriver: chrome on MAC (6debca41bc94ac87fc2f8a026026977a)] -> css selector: .logout-btn]])
15:43:26.561 INFO - Done: [click: 31 [[ChromeDriver: chrome on MAC (6debca41bc94ac87fc2f8a026026977a)] -> css selector: .logout-btn]]
15:43:28.576 INFO - Executing: [get: http://localhost:9000/login])
15:43:29.491 INFO - Done: [get: http://localhost:9000/login]
15:43:29.497 INFO - Executing: [find elements: By.cssSelector: body])
15:43:29.513 INFO - Done: [find elements: By.cssSelector: body]
15:43:29.518 INFO - Executing: [is displayed: 32 [[ChromeDriver: chrome on MAC (6debca41bc94ac87fc2f8a026026977a)] -> css selector: body]])
15:43:29.536 INFO - Done: [is displayed: 32 [[ChromeDriver: chrome on MAC (6debca41bc94ac87fc2f8a026026977a)] -> css selector: body]]
15:43:29.539 INFO - Executing: [find element: By.cssSelector: input[name=email]])
15:43:29.549 INFO - Done: [find element: By.cssSelector: input[name=email]]
15:43:29.553 INFO - Executing: [send keys: 33 [[ChromeDriver: chrome on MAC (6debca41bc94ac87fc2f8a026026977a)] -> css selector: input[name=email]], [l, o, r, d, p, r, e, c, i, o, u, s, 1, @, g, m, a, i, l, ., c, o, m]])
15:43:29.793 INFO - Done: [send keys: 33 [[ChromeDriver: chrome on MAC (6debca41bc94ac87fc2f8a026026977a)] -> css selector: input[name=email]], [l, o, r, d, p, r, e, c, i, o, u, s, 1, @, g, m, a, i, l, ., c, o, m]]
15:43:29.796 INFO - Executing: [find element: By.cssSelector: input[name=password]])
15:43:29.816 INFO - Done: [find element: By.cssSelector: input[name=password]]
15:43:29.819 INFO - Executing: [send keys: 34 [[ChromeDriver: chrome on MAC (6debca41bc94ac87fc2f8a026026977a)] -> css selector: input[name=password]], [p, a, s, s, w, o, r, d]])
15:43:29.914 INFO - Done: [send keys: 34 [[ChromeDriver: chrome on MAC (6debca41bc94ac87fc2f8a026026977a)] -> css selector: input[name=password]], [p, a, s, s, w, o, r, d]]
15:43:29.918 INFO - Executing: [find element: By.cssSelector: .login-btn])
15:43:29.943 INFO - Done: [find element: By.cssSelector: .login-btn]
15:43:29.947 INFO - Executing: [click: 35 [[ChromeDriver: chrome on MAC (6debca41bc94ac87fc2f8a026026977a)] -> css selector: .login-btn]])
15:43:30.011 INFO - Done: [click: 35 [[ChromeDriver: chrome on MAC (6debca41bc94ac87fc2f8a026026977a)] -> css selector: .login-btn]]
15:43:30.016 INFO - Executing: [find elements: By.cssSelector: h4])
15:43:30.031 INFO - Done: [find elements: By.cssSelector: h4]
15:43:30.540 INFO - Executing: [find elements: By.cssSelector: h4])
15:43:30.550 INFO - Done: [find elements: By.cssSelector: h4]
15:43:30.553 INFO - Executing: [is displayed: 36 [[ChromeDriver: chrome on MAC (6debca41bc94ac87fc2f8a026026977a)] -> css selector: h4]])
15:43:30.572 INFO - Done: [is displayed: 36 [[ChromeDriver: chrome on MAC (6debca41bc94ac87fc2f8a026026977a)] -> css selector: h4]]
15:43:30.577 INFO - Executing: [find element: By.cssSelector: h4])
15:43:30.587 INFO - Done: [find element: By.cssSelector: h4]
15:43:30.591 INFO - Executing: [get text: 36 [[ChromeDriver: chrome on MAC (6debca41bc94ac87fc2f8a026026977a)] -> css selector: h4]])
15:43:30.613 INFO - Done: [get text: 36 [[ChromeDriver: chrome on MAC (6debca41bc94ac87fc2f8a026026977a)] -> css selector: h4]]
15:43:30.618 INFO - Executing: [get current url])
15:43:30.625 INFO - Done: [get current url]
15:43:31.639 INFO - Executing: [find elements: By.cssSelector: body])
15:43:31.652 INFO - Done: [find elements: By.cssSelector: body]
15:43:31.657 INFO - Executing: [is displayed: 32 [[ChromeDriver: chrome on MAC (6debca41bc94ac87fc2f8a026026977a)] -> css selector: body]])
15:43:31.665 INFO - Done: [is displayed: 32 [[ChromeDriver: chrome on MAC (6debca41bc94ac87fc2f8a026026977a)] -> css selector: body]]
15:43:31.669 INFO - Executing: [find elements: By.cssSelector: li[id="publicDocument"]])
15:43:31.688 INFO - Done: [find elements: By.cssSelector: li[id="publicDocument"]]
15:43:31.691 INFO - Executing: [is displayed: 45 [[ChromeDriver: chrome on MAC (6debca41bc94ac87fc2f8a026026977a)] -> css selector: li[id="publicDocument"]]])
15:43:31.710 INFO - Done: [is displayed: 45 [[ChromeDriver: chrome on MAC (6debca41bc94ac87fc2f8a026026977a)] -> css selector: li[id="publicDocument"]]]
15:43:31.713 INFO - Executing: [find elements: By.cssSelector: li[id="dashboard"]])
15:43:31.732 INFO - Done: [find elements: By.cssSelector: li[id="dashboard"]]
15:43:31.737 INFO - Executing: [is displayed: 46 [[ChromeDriver: chrome on MAC (6debca41bc94ac87fc2f8a026026977a)] -> css selector: li[id="dashboard"]]])
15:43:31.755 INFO - Done: [is displayed: 46 [[ChromeDriver: chrome on MAC (6debca41bc94ac87fc2f8a026026977a)] -> css selector: li[id="dashboard"]]]
15:43:31.761 INFO - Executing: [find elements: By.cssSelector: li[id="roleDocument"]])
15:43:31.781 INFO - Done: [find elements: By.cssSelector: li[id="roleDocument"]]
15:43:31.785 INFO - Executing: [is displayed: 47 [[ChromeDriver: chrome on MAC (6debca41bc94ac87fc2f8a026026977a)] -> css selector: li[id="roleDocument"]]])
15:43:31.802 INFO - Done: [is displayed: 47 [[ChromeDriver: chrome on MAC (6debca41bc94ac87fc2f8a026026977a)] -> css selector: li[id="roleDocument"]]]
15:43:31.806 INFO - Executing: [find elements: By.cssSelector: li[id="allUsers"]])
15:43:31.826 INFO - Done: [find elements: By.cssSelector: li[id="allUsers"]]
15:43:31.828 INFO - Executing: [is displayed: 48 [[ChromeDriver: chrome on MAC (6debca41bc94ac87fc2f8a026026977a)] -> css selector: li[id="allUsers"]]])
15:43:31.846 INFO - Done: [is displayed: 48 [[ChromeDriver: chrome on MAC (6debca41bc94ac87fc2f8a026026977a)] -> css selector: li[id="allUsers"]]]
15:43:31.850 INFO - Executing: [get current url])
15:43:31.855 INFO - Done: [get current url]
15:43:31.859 INFO - Executing: [find element: By.cssSelector: li[id="allUsers"]])
15:43:31.883 INFO - Done: [find element: By.cssSelector: li[id="allUsers"]]
15:43:31.887 INFO - Executing: [is displayed: 48 [[ChromeDriver: chrome on MAC (6debca41bc94ac87fc2f8a026026977a)] -> css selector: li[id="allUsers"]]])
15:43:31.901 INFO - Done: [is displayed: 48 [[ChromeDriver: chrome on MAC (6debca41bc94ac87fc2f8a026026977a)] -> css selector: li[id="allUsers"]]]
15:43:31.905 INFO - Executing: [find element: By.cssSelector: li[id="dashboard"]])
15:43:31.935 INFO - Done: [find element: By.cssSelector: li[id="dashboard"]]
15:43:31.939 INFO - Executing: [is displayed: 46 [[ChromeDriver: chrome on MAC (6debca41bc94ac87fc2f8a026026977a)] -> css selector: li[id="dashboard"]]])
15:43:31.947 INFO - Done: [is displayed: 46 [[ChromeDriver: chrome on MAC (6debca41bc94ac87fc2f8a026026977a)] -> css selector: li[id="dashboard"]]]
15:43:31.950 INFO - Executing: [find element: By.cssSelector: li[id="allUsers"]])
15:43:31.959 INFO - Done: [find element: By.cssSelector: li[id="allUsers"]]
15:43:31.962 INFO - Executing: [click: 48 [[ChromeDriver: chrome on MAC (6debca41bc94ac87fc2f8a026026977a)] -> css selector: li[id="allUsers"]]])
15:43:32.042 INFO - Done: [click: 48 [[ChromeDriver: chrome on MAC (6debca41bc94ac87fc2f8a026026977a)] -> css selector: li[id="allUsers"]]]
15:43:34.052 INFO - Executing: [find element: By.cssSelector: h4.title])
15:43:34.070 INFO - Done: [find element: By.cssSelector: h4.title]
15:43:34.073 INFO - Executing: [is displayed: 49 [[ChromeDriver: chrome on MAC (6debca41bc94ac87fc2f8a026026977a)] -> css selector: h4.title]])
15:43:34.089 INFO - Done: [is displayed: 49 [[ChromeDriver: chrome on MAC (6debca41bc94ac87fc2f8a026026977a)] -> css selector: h4.title]]
15:43:34.092 INFO - Executing: [get current url])
15:43:34.097 INFO - Done: [get current url]
15:43:34.101 INFO - Executing: [find element: By.cssSelector: a.logout-btn])
15:43:34.125 INFO - Done: [find element: By.cssSelector: a.logout-btn]
15:43:34.128 INFO - Executing: [is displayed: 50 [[ChromeDriver: chrome on MAC (6debca41bc94ac87fc2f8a026026977a)] -> css selector: a.logout-btn]])
15:43:34.217 INFO - Done: [is displayed: 50 [[ChromeDriver: chrome on MAC (6debca41bc94ac87fc2f8a026026977a)] -> css selector: a.logout-btn]]
15:43:34.220 INFO - Executing: [find element: By.cssSelector: .logout-btn])
15:43:34.228 INFO - Done: [find element: By.cssSelector: .logout-btn]
15:43:34.231 INFO - Executing: [click: 50 [[ChromeDriver: chrome on MAC (6debca41bc94ac87fc2f8a026026977a)] -> css selector: a.logout-btn]])
15:43:34.304 INFO - Done: [click: 50 [[ChromeDriver: chrome on MAC (6debca41bc94ac87fc2f8a026026977a)] -> css selector: a.logout-btn]]
15:43:35.309 INFO - Executing: [get current url])
15:43:35.314 INFO - Done: [get current url]
15:43:40.327 INFO - Executing: [delete session: 0f33d91d-c3be-498f-82d5-6703bc4bf9d9])
15:43:40.474 INFO - Done: [delete session: 0f33d91d-c3be-498f-82d5-6703bc4bf9d9]
